Simulation 23: Garnett for RAISE-BO
Task: Garnett function
Running 1-th simulation
Submitted batch job 27610395
Submitted 1-th 1D Garnett simulation by slurm
Running 2-th simulation
Submitted batch job 27610396
Submitted 2-th 1D Garnett simulation by slurm
Running 3-th simulation
Submitted batch job 27610397
Submitted 3-th 1D Garnett simulation by slurm
Running 4-th simulation
Submitted batch job 27610398
Submitted 4-th 1D Garnett simulation by slurm
Running 5-th simulation
Submitted batch job 27610399
Submitted 5-th 1D Garnett simulation by slurm
Running 6-th simulation
Submitted batch job 27610401
Submitted 6-th 1D Garnett simulation by slurm
Running 7-th simulation
Submitted batch job 27610402
Submitted 7-th 1D Garnett simulation by slurm
Running 8-th simulation
Submitted batch job 27610403
Submitted 8-th 1D Garnett simulation by slurm
Running 9-th simulation
Submitted batch job 27610404
Submitted 9-th 1D Garnett simulation by slurm
Running 10-th simulation
Submitted batch job 27610405
Submitted 10-th 1D Garnett simulation by slurm
Running 11-th simulation
Submitted batch job 27610406
Submitted 11-th 1D Garnett simulation by slurm
Running 12-th simulation
Submitted batch job 27610407
Submitted 12-th 1D Garnett simulation by slurm
Running 13-th simulation
Submitted batch job 27610408
Submitted 13-th 1D Garnett simulation by slurm
Running 14-th simulation
Submitted batch job 27610409
Submitted 14-th 1D Garnett simulation by slurm
Running 15-th simulation
Submitted batch job 27610410
Submitted 15-th 1D Garnett simulation by slurm
Running 16-th simulation
Submitted batch job 27610411
Submitted 16-th 1D Garnett simulation by slurm
Running 17-th simulation
Submitted batch job 27610412
Submitted 17-th 1D Garnett simulation by slurm
Running 18-th simulation
Submitted batch job 27610413
Submitted 18-th 1D Garnett simulation by slurm
Running 19-th simulation
Submitted batch job 27610414
Submitted 19-th 1D Garnett simulation by slurm
Running 20-th simulation
Submitted batch job 27610415
Submitted 20-th 1D Garnett simulation by slurm
Simulation 23: Garnett for RAISE-BO
Task: Garnett function
Running 1-th simulation
Submitted batch job 27610727
Submitted 1-th 1D Garnett simulation by slurm
Running 2-th simulation
Submitted batch job 27610728
Submitted 2-th 1D Garnett simulation by slurm
Running 3-th simulation
Submitted batch job 27610729
Submitted 3-th 1D Garnett simulation by slurm
Running 4-th simulation
Submitted batch job 27610730
Submitted 4-th 1D Garnett simulation by slurm
Running 5-th simulation
Submitted batch job 27610731
Submitted 5-th 1D Garnett simulation by slurm
Running 6-th simulation
Submitted batch job 27610732
Submitted 6-th 1D Garnett simulation by slurm
Running 7-th simulation
Submitted batch job 27610733
Submitted 7-th 1D Garnett simulation by slurm
Running 8-th simulation
Submitted batch job 27610734
Submitted 8-th 1D Garnett simulation by slurm
Running 9-th simulation
Submitted batch job 27610735
Submitted 9-th 1D Garnett simulation by slurm
Running 10-th simulation
Submitted batch job 27610736
Submitted 10-th 1D Garnett simulation by slurm
Running 11-th simulation
Submitted batch job 27610737
Submitted 11-th 1D Garnett simulation by slurm
Running 12-th simulation
Submitted batch job 27610738
Submitted 12-th 1D Garnett simulation by slurm
Running 13-th simulation
Submitted batch job 27610739
Submitted 13-th 1D Garnett simulation by slurm
Running 14-th simulation
Submitted batch job 27610740
Submitted 14-th 1D Garnett simulation by slurm
Running 15-th simulation
Submitted batch job 27610741
Submitted 15-th 1D Garnett simulation by slurm
Running 16-th simulation
Submitted batch job 27610743
Submitted 16-th 1D Garnett simulation by slurm
Running 17-th simulation
Submitted batch job 27610744
Submitted 17-th 1D Garnett simulation by slurm
Running 18-th simulation
Submitted batch job 27610745
Submitted 18-th 1D Garnett simulation by slurm
Running 19-th simulation
Submitted batch job 27610746
Submitted 19-th 1D Garnett simulation by slurm
Running 20-th simulation
Submitted batch job 27610747
Submitted 20-th 1D Garnett simulation by slurm
